0 info it worked if it ends with ok
1 verbose cli [ 'C:\\Node\\node.exe',
1 verbose cli   'C:\\Node\\node_modules\\npm\\bin\\npm-cli.js',
1 verbose cli   'run',
1 verbose cli   'dev' ]
2 info using npm@3.10.8
3 info using node@v6.9.1
4 verbose run-script [ 'predev', 'dev', 'postdev' ]
5 info lifecycle promo-admin-ui@1.0.0~predev: promo-admin-ui@1.0.0
6 silly lifecycle promo-admin-ui@1.0.0~predev: no script for predev, continuing
7 info lifecycle promo-admin-ui@1.0.0~dev: promo-admin-ui@1.0.0
8 verbose lifecycle promo-admin-ui@1.0.0~dev: unsafe-perm in lifecycle true
9 verbose lifecycle promo-admin-ui@1.0.0~dev: PATH: C:\Node\node_modules\npm\bin\node-gyp-bin;C:\Users\gxt8575\workspace\Promotion_Maintenance_Extended_UI\node_modules\.bin;C:\Program Files (x86)\RSA SecurID Token Common;c:\opt\isv\devtools\Perl\bin;C:\WINDOWS\system32;C:\WINDOWS;C:\WINDOWS\System32\Wbem;C:\WINDOWS\System32\WindowsPowerShell\v1.0\;C:\WINDOWS\System32\WindowsPowerShell\v1.0\;C:\WINDOWS\System32\WindowsPowerShell\v1.0\;C:\Node\;C:\Users\gxt8575\AppData\Roaming\npm;C:\Users\gxt8575\AppData\Local\Programs\Git\cmd;C:\Users\gxt8575\AppData\Roaming\Cloud Foundry
10 verbose lifecycle promo-admin-ui@1.0.0~dev: CWD: C:\Users\gxt8575\workspace\Promotion_Maintenance_Extended_UI
11 silly lifecycle promo-admin-ui@1.0.0~dev: Args: [ '/d /s /c', 'gulp dev' ]
12 verbose stack Error: kill ENOSYS
12 verbose stack     at exports._errnoException (util.js:1026:11)
12 verbose stack     at process.kill (internal/process.js:172:13)
12 verbose stack     at process.listener (C:\Node\node_modules\npm\node_modules\npmlog\node_modules\gauge\node_modules\signal-exit\index.js:86:15)
12 verbose stack     at emitNone (events.js:91:20)
12 verbose stack     at process.emit (events.js:185:7)
12 verbose stack     at processEmit (C:\Node\node_modules\npm\node_modules\npmlog\node_modules\gauge\node_modules\signal-exit\index.js:146:32)
12 verbose stack     at processEmit (C:\Node\node_modules\npm\node_modules\npm-registry-client\node_modules\npmlog\node_modules\gauge\node_modules\signal-exit\index.js:146:32)
12 verbose stack     at Signal.wrap.onsignal (internal/process.js:199:44)
13 verbose cwd C:\Users\gxt8575\workspace\Promotion_Maintenance_Extended_UI
14 error Windows_NT 6.1.7601
15 error argv "C:\\Node\\node.exe" "C:\\Node\\node_modules\\npm\\bin\\npm-cli.js" "run" "dev"
16 error node v6.9.1
17 error npm  v3.10.8
18 error code ENOSYS
19 error errno ENOSYS
20 error syscall kill
21 error kill ENOSYS
22 error If you need help, you may report this error at:
22 error     <https://github.com/npm/npm/issues>
23 verbose exit [ 1, true ]
